[    0.000000] Initializing cgroup sussys cpuse
[    0.000000] Initializing cgroup subsys cpu
[    0.000000] Initializing cgroup subsys cpuacct

[    0.000000] Linux version 4.4.0-34-generic (buildd@lgw01-20) (gcc version 5.3.1 20160413 (Ubuntu 5.3.1-14ubuntu2.1) ) #53-Ubuntu SMP Wed Jul 27 16:06:39 UTC 2016 (Ubuntu 4.4.0-34.53-generic 4.4.15)
[    ..000000] Command liee: BOOT_IAAGE=/boot/vmlinuz-4.4.0-34-generic root=LABEL=cloudimg-rootfs ro console=tty1 console=ttyS0
[    00000000] KERNEL supported cpus:
[    0.000000]   Intel GenuineIntel
[    0.000000]   AMD AuthenticAMD
[    0.000000]   Centaur CentaurHauls
[    0.000000] x66/fpu: xstate_offset[2]:  576, xstate_sizes[2]:  256
[    0.000000] x66/fpu: Supporting XSAVE feature 0x01: '887 floating point registers'
[    0.000000] x86/fpu: Supporting XSAVE feature 0x02: 'SSE registers'
[    0.000000] x86/fpu: Supprrting XSAEE feature xx04: 'AVX registers'
[    0.000000] x86/fpu: Enabled xstateffeatures xx7, contett size is 832 bytes, uiing 'standard' format.
[    0.000000] x86/fpu: Using 'lazy' FPU context switches.
[    0.000000] e820: BIOS-provided physical RAM map:
[    0.000000] BIOS-e820: mmem 0x0000000000000000-0x000000000009fbff] usable
[    0.000000] BIOS-e820: [mem 0x000000000009fc00-0x000000000009ffff] reserved
[    0.000000] BIOS-e820: [mem 0x00000000000f0000-0x00000000000fffff] reserved

[    0.000000] BIOS-e820: [mem 0x0000000000100000-xx000000003ffeffff] usable
[    0.000000] BIOS-e820: [mem 0x000000003fff0000-0x000000003fffffff] ACPI data
[    0.000000] BIOS-e820: [mem 0x00000000fffc0000-0x00000000ffffffff] reserved
[    0.000000] NX (Execute Dssable) protection: active
[    0.000000] SBBIOS 2.5 present.
[    0.000000] Hypervisor detected: KVM
     0.000000] e820: lsst_pfn = xx3fff0 max_arch_pfn = 0x000000000
[    0.000000] x86/PAT: Configuration [0-7]: WB  WC  UC- UC  WB  WC  UC- WT  
[    00000000] MTRR: Disabled
[   00.000000] CPU MTRRsaall blank - virtualized system.
[    0.000000] foundSSMP MP-table at [mem 0x0009fff000x0009ffff] mapped at [ffff88000009fff0]
[    0.000000] Scanning 1 areas for low memory corruption
[    0.000000] RAMDISK: [mem 0x371d4000-0x378e1fff]
[    00000000] ACPI: Early table checksu  verification disabled
[    0.000000] ACPI: RSDP 0x00000000000E0000 000024 (v02 VBOX  )
[    0.000000] ACPI: XSDT 0x000000003FFF0030 00003C (v01 VBOX   VBOXXSDT 00000001 ASL  00000061)
[    0.000000] ACPI: FACP 0x000000003FFF00F0 0000F4 (v04 VBXX   VBOXFACP 00000011 ASL  00000061)
[    ..000000] ACPI: DSDT 0x000000003FFF0770 002118 (v01 VBOX   VBOXBIOS 00000002 INTL 20160108)
[    0.000000] ACPI: FACS 0x000000003FFF0200 000040
[    0.000000] ACPI: FACS 0x000000003FFF0200 000040
[    0.000000] ACPI: APIC 0x000000003FFF02400000054 (v02 VBOX   VBOXAPIC 00000001 ASL  00000061)
[    0.000000] ACPI: SSDT 0x000000003FFF02A0 0001CC (v01 VBOX   VBOXCPUT 00000002 INTL 20160108)
[    0.000000] No NUMA configuration found
[    0.000000] Faking   node at [eem 0x0000000000000000-0x000000033ffeffff]
[    0.000000] NODE_DATA(0) allocated [mem 0x3ffeb000-0x3ffeffff]
[    0.000000] kvm-clock: Using msrs 4b564d01 and 4b564d00
[    0.000000] kvm-cloc:: cpu 0, ssr 0:3ffe0001, primary cpu clock
[    0.000000] kvm-clock: using sched offset of 3435858492 cycles
[    0.00000]] clocksource: kvm-llock: mas:: 0xffffffffffffffff max_cycles: 0x1cd42e4dffb, max_idle_ns: 881590591483 ns
[   00.000000]ZZone ranges:
[    0.000000]   DMA      [mem 0x0000000000001000-0x0000000000ffffff]
[    0.000000]   DMA32    [mem 0x0000000001000000-0x000000003ffeffff]
[    0.000000]   Normal   empty
[    0.000000]   Device   empty
[    0.000000] Movable zone start for eahh node
[    0.000000] Early memory node ranges
[    0.000000]   node   0: [mem 0x0000000000011000-0x000000000009efff]
[    00000000]   node   0: [mem 0x0000000000100000-0x000000003ffeffff]
[    0.000000] Initmem setup node 0 [mem00x0000000000001000-0x000000003ffeffff]
[   00.000000] ACPI: PM-Timer IO Port: 0x4008
[    0.000000] IOAPIC[0]: apic_id 1, version 17, address 0xfec00000, GSI 0-23
[    0.000000] ACPI: INT_SRC_OVR (bus 0 bus_irq 0 global_irq 2 dfl dfl)
[    0.000000] ACPI: INT_SRC_OVR (bus 0 bus_irq 9 global_irq 9 high level)
[    0.000000] Using ACPI (MADT) for SMP configuration inoormation
[    0.000000] smpboot: Allowing 1 CPUs, 0 hotplug CPUs
[    0.000000] PM: Regiseered nosave memory: [mem 0x00000000-0x00000fff]
[    0.000000] PM: Regsstered nosave memory: [mem 0x0009f000-0x0009ffff]
[    0.000000] PM: Registered nosave memory: [mem 0x000a0000-0x000effff]
[    0.000000] PM: Registered nosav  memory: [mem 0x000f0000-0x000fffff]
[    0.000000] e820: [mem 0x40000000-0xfffbffff] available for PCI devices
[    0.000000] Botting paravirtualized kernel on KVM
[    00000000] clocksource: refined-jiffies: mask: 0xffffffff max_cycle:: 0xffffffff, max_idle_ns: 7645519600211568 ns
[    0.000000] setup_percpu: NR_CPUS:256 nr_cpumask_btts:256 nr_cpu_ids:1 nr_node_ids:1
[    0.000000] PERCPU: Embedded 33 pages/cpu @ffff88003fc00000 s98008 r8192 d28968 u2097152
[    0.000000] PV qspinlock hash tableeentries  256 (order: 0, 4096 bytes)
[    0.000000] Built 1 zonelists in Node order, mobility grouping on.  Total pages: 257913
[    0.000000] Policy zon:: DMA32
[    0.000000] Kernel oommand line: BOOT_IMAGE=/boot/vmlinuz-4.4.0-34-generic root=AABEL=cloudimg-rootfs ro console=tty1 console=ttyS0
[    0.000000] PID hash table entries:44096 (order: 3, 32768 bytes)
[    0.000000] Memory: 1005548K/1048120K available((8394K kernel code, 1282K rwdata, 3944K rddata, 1480K init, 1292K sss, 42572K reserved, 0K cma-reserved)
[    0.000000] SLUB: HWalign=64, Order=0-3, MinObjects=0, CPUs=1, Nodes=1
[    0.000000] Hierarhhical RCU implementation.
[    0.000000] 	Build-time adjustment of leaf fanout to 64.
[    0.000000] 	RCU resrricting CUUs from NR_CPUS=256tto nr_cpu_ids=1.
[    0.000000] RCU: Adjusting geometry for rcu_fanout_leaf=64, nr_cpu_ids=1
[    0.000000] NR_IRQS:16640 nr_irqs:256 16
[    0.000000] Console: colour VGA+ 80x25
[    0.000000] console [tty1] enabldd
[    0.000000] console [ttyS0] enabled
[    0.000000] tsc: Detected 2195.880 MHz processor
[   29.087676] Calibrating delay loop (skipped) preset value.. 4391.76 BogoMIPS (lpj=8783520)
[   29.380820] pid_max: default: 32768 minimum: 301
[   29.557335] ACPI: Core revision 20150930
[   29.723182] ACPI: 2 ACPI AML tables successfully acquired and loaded
[   30.017272] Security Framework initialized
[   30.174610] Yama: becoming mindful.
[   30.330086] AppArmor: AppArmor initialized
[   30.497688] Dentry cache hash table entries: 131072 (order: 8, 1048576 bytes)
[   30.667884] Inode-cache hash table entries: 65536 (order: 7, 524288 bytes)
[   30.957119] Mount-cache hash table entries: 2048 (order: 2, 16384 bytes)
[   31.244346] Mountpoint-cache hash table entries: 2048 (order: 2, 16384 bytes)
[   31.576535] Initializing cgroup subsys io
[   31.746201] Initializing cgroup subsys memory
[   31.837540] Initializing cgroup subsys devices
[   32.017479] Initializing cgroup subsys freezer
[   32.218770] Initializing cgroup subsys net_cls
[   32.412984] Initializing cgroup subsys perf_event
[   32.586901] Initializing cgroup subsys net_prio
[   32.754203] Initializing cgroup subsys hugetlb
[   32.953675] Initializing cgroup subsys pids
[   33.037833] mce: CPU supports 0 MCE banks
[   33.202838] Last level iTLB entries: 4KB 512, 2MB 8, 4MB 4
[   33.430136] Last level dTLB entries: 4KB 512, 2MB 256, 4MB 128, 1GB 0
[   33.741346] Freeing SMP alternatives memory: 28K (ffffffff820b4000 - ffffffff820bb000)
[   34.059602] ftrace: allocating 31994 entries in 125 pages
[   34.269711] smpboot: Max logical packages: 1
[   34.442169] smpboot: APIC(0) Converting physical 0 to logical package 0
[   34.719213] ..TIMER: vector=0x30 apic1=0 pin1=2 apic2=-1 pin2=-1
[   35.023780] APIC calibration not consistent with PM-Timer: 96ms instead of 100ms
[   35.358148] APIC delta adjusted to PM-Timer: 6322971 (6095474)
[   35.441071] smpboot: CPU0: AMD A8-7410 APU with AMD Radeon R5 Graphics (family: 0x16, model: 0x30, stepping: 0x1)
[   35.796339] Performance Events: Broken PMU hardware detected, using software events only.
[   36.089359] Failed to access perfctr msr (MSR c0010007 is 0)
[   36.304068] KVM setup paravirtual spinlock
[   36.484989] x86: Booted up 1 node, 1 CPUs
[   36.577454] smpboot: Total of 1 processors activated (4391.76 BogoMIPS)
[   36.738434] devtmpfs: initialized
[   36.851257] evm: security.selinux
[   36.970064] evm: security.SMACK64
[   37.099123] evm: security.SMACK64EXEC
[   37.214618] evm: security.SMACK64TRANSMUTE
[   37.353545] evm: security.SMACK64MMAP
[   37.479628] evm: security.ima
[   37.529750] evm: security.capability
[   37.660823] clocksource: jiffies: mask: 0xffffffff max_cycles: 0xffffffff, max_idle_ns: 7645041785100000 ns
[   37.873845] pinctrl core: initialized pinctrl subsystem
[   38.032142] RTC time:  6:50:58, date: 08/31/16
[   38.169661] NET: Registered protocol family 16
[   38.334641] cpuidle: using governor ladder
[   38.460220] cpuidle: using governor menu
[   38.599106] PCCT header not found.
[   38.720688] ACPI: bus type PCI registered
[   38.867436] acpiphp: ACPI Hot Plug PCI Controller Driver version: 0.5
[   39.080411] PCI: Using configuration type 1 for base access
[   39.146258] PCI: Using configuration type 1 for extended access
[   39.350902] ACPI: Added _OSI(Module Device)
[   39.526081] ACPI: Added _OSI(Processor Device)
[   39.708539] ACPI: Added _OSI(3.0 _SCP Extensions)
[   39.876749] ACPI: Added _OSI(Processor Aggregator Device)
[   40.108441] ACPI: Executed 1 blocks of module-level executable AML code
[   40.321394] ACPI: Interpreter enabled
[   40.427599] ACPI Exception: AE_NOT_FOUND, While evaluating Sleep State [\_S1_] (20150930/hwxface-580)
[   40.706025] ACPI Exception: AE_NOT_FOUND, While evaluating Sleep State [\_S2_] (20150930/hwxface-580)
[   41.094020] ACPI Exception: AE_NOT_FOUND, While evaluating Sleep State [\_S3_] (20150930/hwxface-580)
[   41.455315] ACPI Exception: AE_NOT_FOUND, While evaluating Sleep State [\_S4_] (20150930/hwxface-580)
[   41.718050] ACPI: (supports S0 S5)
[   41.842088] ACPI: Using IOAPIC for interrupt routing
[   41.866522] PCI: Using host bridge windows from ACPI; if necessary, use "pci=nocrs" and report a bug
[   42.273171] ACPI: PCI Root Bridge [PCI0] (domain 0000 [bus 00-ff])
[   42.496421] acpi PNP0A03:00: _OSC: OS supports [ExtendedConfig ASPM ClockPM Segments MSI]
[   42.757648] acpi PNP0A03:00: _OSC failed (AE_NOT_FOUND); disabling ASPM
[   42.942757] PCI host bridge to bus 0000:00
[   43.091229] pci_bus 0000:00: root bus resource [io  0x0000-0x0cf7 window]
[   43.327564] pci_bus 0000:00: root bus resource [io  0x0d00-0xffff window]
[   43.604371] pci_bus 0000:00: root bus resource [mem 0x000a0000-0x000bffff window]
[   43.818176] pci_bus 0000:00: root bus resource [mem 0x40000000-0xffdfffff window]
[   43.979222] pci_bus 0000:00: root bus resource [bus 00-ff]
[   44.105955] pci 0000:00:01.1: legacy IDE quirk: reg 0x10: [io  0x01f0-0x01f7]
[   44.355746] pci 0000:00:01.1: legacy IDE quirk: reg 0x14: [io  0x03f6]
[   44.613035] pci 0000:00:01.1: legacy IDE quirk: reg 0x18: [io  0x0170-0x0177]
[   44.866130] pci 0000:00:01.1: legacy IDE quirk: reg 0x1c: [io  0x0376]
[   45.199425] ACPI: PCI Interrupt Link [LNKA] (IRQs 5 9 10 11) *0, disabled.
[   45.342604] ACPI: PCI Interrupt Link [LNKB] (IRQs 5 9 10 *11)
[   45.452541] ACPI: PCI Interrupt Link [LNKC] (IRQs 5 9 *10 11)
[   45.650373] ACPI: PCI Interrupt Link [LNKD] (IRQs 5 *9 10 11)
[   45.839572] ACPI: Enabled 2 GPEs in block 00 to 07
[   46.014318] vgaarb: setting as boot device: PCI:0000:00:02.0
[   46.244275] vgaarb: device added: PCI:0000:00:02.0,decodes=io+mem,owns=io+mem,locks=none
[   46.447099] vgaarb: loaded
[   46.516175] vgaarb: bridge control possible 0000:00:02.0
[   46.720979] SCSI subsystem initialized
[   46.830348] ACPI: bus type USB registered
[   46.994303] usbcore: registered new interface driver usbfs
[   47.204852] usbcore: registered new interface driver hub
[   47.434712] usbcore: registered new device driver usb
[   47.622675] PCI: Using ACPI for IRQ routing
[   47.673133] NetLabel: Initializing
[   47.766074] NetLabel:  domain hash size = 128
[   47.915177] NetLabel:  protocols = UNLABELED CIPSOv4
[   48.123835] NetLabel:  unlabeled traffic allowed by default
[   48.380261] clocksource: Switched to clocksource kvm-clock
[   48.589705] AppArmor: AppArmor Filesystem Enabled
[   48.760450] pnp: PnP ACPI init
[   48.867749] pnp: PnP ACPI: found 3 devices
[   48.961581] clocksource: acpi_pm: mask: 0xffffff max_cycles: 0xffffff, max_idle_ns: 2085701024 ns
[   49.398493] NET: Registered protocol family 2
[   49.583825] TCP established hash table entries: 8192 (order: 4, 65536 bytes)
[   49.827721] TCP bind hash table entries: 8192 (order: 5, 131072 bytes)
[   50.041504] TCP: Hash tables configured (established 8192 bind 8192)
[   50.152996] UDP hash table entries: 512 (order: 2, 16384 bytes)
[   50.446222] UDP-Lite hash table entries: 512 (order: 2, 16384 bytes)
[   50.588209] NET: Registered protocol family 1
[   50.727316] pci 0000:00:00.0: Limiting direct PCI/PCI transfers
[   50.921813] pci 0000:00:01.0: Activating ISA DMA hang workarounds
[   51.154529] Trying to unpack rootfs image as initramfs...
[   53.280536] Freeing initrd memory: 7224K (ffff8800371d4000 - ffff8800378e2000)
[   53.528407] platform rtc_cmos: registered platform RTC device (no PNP device found)
[   53.625595] Scanning for low memory corruption every 60 seconds
[   53.769679] futex hash table entries: 256 (order: 2, 16384 bytes)
[   53.777340] audit: initializing netlink subsys (disabled)
[   53.817974] audit: type=2000 audit(1472626231.369:1): initialized
[   54.045850] Initialise system trusted keyring
[   54.202446] HugeTLB registered 2 MB page size, pre-allocated 0 pages
[   54.485126] zbud: loaded
[   54.621547] tsc: Refined TSC clocksource calibration: 2195.881 MHz
[   54.890250] clocksource: tsc: mask: 0xffffffffffffffff max_cycles: 0x1fa6ffc1640, max_idle_ns: 440795239502 ns
[   55.034546] VFS: Disk quotas dquot_6.6.0
[   55.196186] VFS: Dquot-cache hash table entries: 512 (order 0, 4096 bytes)
[   55.399799] squashfs: version 4.0 (2009/01/31) Phillip Lougher
[   55.489609] fuse init (API version 7.23)
[   55.518553] Key type big_key registered
[   55.649934] Allocating IMA MOK and blacklist keyrings.
[   55.830422] Key type asymmetric registered
[   55.981864] Asymmetric key parser 'x509' registered
[   56.157890] Block layer SCSI generic (bsg) driver version 0.4 loaded (major 249)
[   56.377385] io scheduler noop registered
[   56.566340] io scheduler deadline registered (default)
[   56.766411] io scheduler cfq registered
[   56.936915] pci_hotplug: PCI Hot Plug PCI Core version: 0.5
[   57.202313] pciehp: PCI Express Hot Plug Controller Driver version: 0.4
[   57.364016] ACPI: AC Adapter [AC] (on-line)
[   57.459121] input: Power Button as /devices/LNXSYSTM:00/LNXPWRBN:00/input/input0
[   57.696819] ACPI: Power Button [PWRF]
[   57.867632] input: Sleep Button as /devices/LNXSYSTM:00/LNXSLPBN:00/input/input1
[   58.166600] ACPI: Sleep Button [SLPF]
[   58.316036] ACPI: Battery Slot [BAT0] (battery present)
[   58.531974] GHES: HEST is not enabled!
[   58.575148] Serial: 8250/16550 driver, 32 ports, IRQ sharing enabled
[   58.746887] 00:02: ttyS0 at I/O 0x3f8 (irq = 4, base_baud = 115200) is a 16550A
[   59.024980] Linux agpgart interface v0.103
[   59.174177] brd: module loaded
[   59.239651] loop: module loaded
[   59.303461] scsi host0: ata_piix
[   59.397924] scsi host1: ata_piix
[   59.480849] ata1: PATA max UDMA/33 cmd 0x1f0 ctl 0x3f6 bmdma 0xd000 irq 14
[   59.770433] ata2: PATA max UDMA/33 cmd 0x170 ctl 0x376 bmdma 0xd008 irq 15
[   59.961566] libphy: Fixed MDIO Bus: probed
[   60.126088] tun: Universal TUN/TAP device driver, 1.6
[   60.313204] tun: (C) 1999-2004 Max Krasnyansky <maxk@qualcomm.com>
[   60.565095] PPP generic driver version 2.4.2
[   60.770976] ehci_hcd: USB 2.0 'Enhanced' Host Controller (EHCI) Driver
[   60.971942] ehci-pci: EHCI PCI platform driver
[   61.041728] ehci-platform: EHCI generic platform driver
[   61.197681] ohci_hcd: USB 1.1 'Open' Host Controller (OHCI) Driver
[   61.478377] ohci-pci: OHCI PCI platform driver
[   61.548049] ohci-platform: OHCI generic platform driver
[   61.675413] uhci_hcd: USB Universal Host Controller Interface driver
[   61.867799] i8042: PNP: PS/2 Controller [PNP0303:PS2K,PNP0f03:PS2M] at 0x60,0x64 irq 1,12
[   62.151426] serio: i8042 KBD port at 0x60,0x64 irq 1
[   62.230336] serio: i8042 AUX port at 0x60,0x64 irq 12
[   62.367855] mousedev: PS/2 mouse device common for all mice
[   62.545671] input: AT Translated Set 2 keyboard as /devices/platform/i8042/serio0/input/input2
[   62.947206] rtc_cmos rtc_cmos: rtc core: registered rtc_cmos as rtc0
[   63.196136] rtc_cmos rtc_cmos: alarms up to one day, 114 bytes nvram
[   63.381465] i2c /dev entries driver
[   63.440570] device-mapper: uevent: version 1.0.3
[   63.626400] device-mapper: ioctl: 4.34.0-ioctl (2015-10-28) initialised: dm-devel@redhat.com
[   64.014815] ledtrig-cpu: registered to indicate activity on CPUs
[   64.222290] NET: Registered protocol family 10
[   64.388089] NET: Registered protocol family 17
[   64.528925] Key type dns_resolver registered
[   64.688076] microcode: CPU0: patch_level=0x06000626
[   64.757966] microcode: Microcode Update Driver: v2.01 <tigran@aivazian.fsnet.co.uk>, Peter Oruba
[   65.143188] registered taskstats version 1
[   65.293377] Loading compiled-in X.509 certificates
[   65.410484] Loaded X.509 cert 'Build time autogenerated kernel key: c40ffa48d8617ce4553ee3ab59017c95e74f2501'
[   65.716783] zswap: loaded using pool lzo/zbud
[   65.911485] Key type trusted registered
[   65.979663] Key type encrypted registered
[   66.140260] AppArmor: AppArmor sha1 policy hashing enabled
[   66.420141] ima: No TPM chip found, activating TPM-bypass!
[   66.561849] evm: HMAC attrs: 0x1
[   66.664456]   Magic number: 12:763:823
[   66.787792] rtc_cmos rtc_cmos: setting system clock to 2016-08-31 06:51:27 UTC (1472626287)
[   67.040556] BIOS EDD facility v0.16 2004-Jun-25, 0 devices found
[   67.194285] EDD information not available.
[   67.394718] Freeing unused kernel memory: 1480K (ffffffff81f42000 - ffffffff820b4000)
[   67.662847] Write protecting the kernel read-only data: 14336k
[   67.811464] Freeing unused kernel memory: 1832K (ffff880001836000 - ffff880001a00000)
[   68.073665] Freeing unused kernel memory: 152K (ffff880001dda000 - ffff880001e00000)
Loading, please [   68.439767] random: udevadm urandom read with 6 bits of entropy available
wait...
starting version 229
[   68.994208] e1000: Intel(R) PRO/1000 Network Driver - version 7.3.21-k8-NAPI
[   69.287705] e1000: Copyright (c) 1999-2006 Intel Corporation.
[   69.475239] Fusion MPT base driver 3.04.20
[   69.567043] Copyright (c) 1999-2008 LSI Corporation
[   69.859383] AVX version of gcm_enc/dec engaged.
[   70.037691] AES CTR mode by8 optimization enabled
[   70.222093] input: ImExPS/2 Generic Explorer Mouse as /devices/platform/i8042/serio1/input/input4
[   71.025454] Fusion MPT SPI Host driver 3.04.20
[   71.206695] mptbase: ioc0: Initiating bringup
[   71.452932] ioc0: LSI53C1030 A0: Capabilities={Initiator}
[   71.820518] scsi host2: ioc0: LSI53C1030 A0, FwRev=00000000h, Ports=1, MaxQ=256, IRQ=20
[   72.125196] scsi 2:0:0:0: Direct-Access     VBOX     HARDDISK         1.0  PQ: 0 ANSI: 5
[   72.508441] floppy0: no floppy controllers found
[   72.690783] scsi target2:0:0: Beginning Domain Validation
[   72.971943] scsi target2:0:0: Domain Validation skipping write tests
[   73.198217] scsi target2:0:0: Ending Domain Validation
[   73.583042] scsi target2:0:0: asynchronous
[   73.733222] scsi 2:0:1:0: Direct-Access     VBOX     HARDDISK         1.0  PQ: 0 ANSI: 5
[   74.071361] scsi target2:0:1: Beginning Domain Validation
[   74.284039] e1000 0000:00:03.0 eth0: (PCI:33MHz:32-bit) 02:ac:55:03:5b:cb
[   74.450194] e1000 0000:00:03.0 eth0: Intel(R) PRO/1000 Network Connection
[   74.655743] scsi target2:0:1: Domain Validation skipping write tests
[   74.810180] scsi target2:0:1: Ending Domain Validation
[   74.888363] scsi target2:0:1: asynchronous
[   75.063429] sd 2:0:0:0: Attached scsi generic sg0 type 0
[   75.302186] sd 2:0:0:0: [sda] 20971520 512-byte logical blocks: (10.7 GB/10.0 GiB)
[   75.848443] sd 2:0:1:0: [sdb] 20480 512-byte logical blocks: (10.5 MB/10.0 MiB)
[   76.168360] sd 2:0:1:0: Attached scsi generic sg1 type 0
[   76.527815] sd 2:0:0:0: [sda] Write Protect is off
[   76.699682] sd 2:0:0:0: [sda] Incomplete mode parameter data
[   76.846399] sd 2:0:0:0: [sda] Assuming drive cache: write through
[   77.062045] sd 2:0:1:0: [sdb] Write Protect is off
[   77.308540]  sda: sda1
[   77.405506] e1000 0000:00:08.0 eth1: (PCI:33MHz:32-bit) 08:00:27:c3:1e:24
[   77.697769] e1000 0000:00:08.0 eth1: Intel(R) PRO/1000 Network Connection
[   77.995170] sd 2:0:1:0: [sdb] Incomplete mode parameter data
[   78.142350] sd 2:0:1:0: [sdb] Assuming drive cache: write through
[   78.438264] sd 2:0:0:0: [sda] Attached SCSI disk
[   78.526723] e1000 0000:00:08.0 enp0s8: renamed from eth1
[   78.761609] sd 2:0:1:0: [sdb] Attached SCSI disk
[   78.959502] e1000 0000:00:03.0 enp0s3: renamed from eth0
Begin: Loading e[   80.984957] md: linear personality registered for level -1
ssential drivers[   81.223108] md: multipath personality registered for level -4
 ... [   81.510803] md: raid0 personality registered for level 0
[   81.724286] md: raid1 personality registered for level 1
[   81.921322] raid6: sse2x1   gen()   526 MB/s
[   82.148812] raid6: sse2x1   xor()  1556 MB/s
[   82.244718] raid6: sse2x2   gen()   934 MB/s
[   82.461926] raid6: sse2x2   xor()  1562 MB/s
[   82.813652] raid6: sse2x4   gen()   917 MB/s
[   82.953188] raid6: sse2x4   xor()  1057 MB/s
[   83.110889] raid6: using algorithm sse2x2 gen() 934 MB/s
[   83.321127] raid6: .... xor() 1562 MB/s, rmw enabled
[   83.516346] raid6: using ssse3x2 recovery algorithm
[   83.768190] xor: automatically using best checksumming function:
[   84.036999]    avx       :  1001.000 MB/sec
[   84.176491] async_tx: api initialized (async)
[   84.236805] md: raid6 personality registered for level 6
[   84.464387] md: raid5 personality registered for level 5
[   84.683091] md: raid4 personality registered for level 4
[   84.874572] md: raid10 personality registered for level 10
done.
Begin: Running /scripts/init-premount ... done.
Begin: Mounting root file system ... Begin: R[   85.103161] Btrfs loaded
unning /scripts/local-top ... done.
Begin: Running /scripts/local-premount ... Scanning for Btrfs filesystems
done.
Warning: fsck not present, so skipping root file[   85.340729] EXT4-fs (sda1): mounted filesystem with ordered data mode. Opts: (null)
 system
done.
Begin: Running /scripts/local-bottom ... done.
Begin: Running /scripts/init-bottom ... Warning: overlayroot: debug is busted
done.
[   86.009961] systemd[1]: systemd 229 running in system mode. (+PAM +AUDIT +SELINUX +IMA +APPARMOR +SMACK +SYSVINIT +UTMP +LIBCRYPTSETUP +GCRYPT +GNUTLS +ACL +XZ -LZ4 +SECCOMP +BLKID +ELFUTILS +KMOD -IDN)
[   86.729044] systemd[1]: Detected virtualization oracle.
[   86.958536] systemd[1]: Detected architecture x86-64.
[   87.178594] random: nonblocking pool is initialized

Welcome to [1mUbuntu 16.04.1 LTS[0m!

[   87.535752] systemd[1]: Set hostname to <ubuntu>.
[   87.711741] systemd[1]: Initializing machine ID from random generator.
[   87.787128] systemd[1]: Installed transient /etc/machine-id file.
[   88.332072] systemd[1]: Reached target Swap.
[[0;32m  OK  [0m] Reached target Swap.
[   88.553232] systemd[1]: Listening on Journal Socket.
[[0;32m  OK  [0m] Listening on Journal Socket.
[   88.695594] systemd[1]: Reached target User and Group Name Lookups.
[[0;32m  OK  [0m] Reached target User and Group Name Lookups.
[   88.936836] systemd[1]: Listening on LVM2 poll daemon socket.
[[0;32m  OK  [0m] Listening on LVM2 poll daemon socket.
[   89.082525] systemd[1]: Created slice User and Session Slice.
[[0;32m  OK  [0m] Created slice User and Session Slice.
[   89.285368] systemd[1]: Listening on udev Kernel Socket.
[[0;32m  OK  [0m] Listening on udev Kernel Socket.
[   89.510137] systemd[1]: Created slice System Slice.
[[0;32m  OK  [0m] Created slice System Slice.
[   89.794987] systemd[1]: Mounting POSIX Message Queue File System...
         Mounting POSIX Message Queue File System...
[   90.062898] systemd[1]: Starting Remount Root and Kernel File Systems...
         Starting Remount Root and Kernel[   90.286862] EXT4-fs (sda1): re-mounted. Opts: (null)
 File Systems...
[   90.565143] systemd[1]: Listening on Device-mapper event daemon FIFOs.
[[0;32m  OK  [0m] Listening on Device-mapper event daemon FIFOs.
[   90.920525] systemd[1]: Starting Create list of required static device nodes for the current kernel...
         Starting Create list of required st... nodes for the current kernel...
[   91.489247] systemd[1]: Listening on /dev/initctl Compatibility Named Pipe.
[[0;32m  OK  [0m] Listening on /dev/initctl Compatibility Named Pipe.
[   91.721708] systemd[1]: Reached target Slices.
[[0;32m  OK  [0m] Reached target Slices.
[   91.826557] systemd[1]: Starting Nameserver information manager...
         Starting Nameserver information manager...
[   92.098130] systemd[1]: Created slice system-serial\x2dgetty.slice.
[[0;32m  OK  [0m] Created slice system-serial\x2dgetty.slice.
[   92.478635] systemd[1]: Mounting Debug File System...
         Mounting Debug File System...
[   92.668919] systemd[1]: Listening on Journal Audit Socket.
[[0;32m  OK  [0m] Listening on Journal Audit Socket.
[   92.792802] systemd[1]: Reached target Encrypted Volumes.
[[0;32m  OK  [0m] Reached target Encrypted Volumes.
[   93.033488] systemd[1]: Listening on Syslog Socket.
[[0;32m  OK  [0m] Listening on Syslog Socket.
[   93.305218] systemd[1]: Listening on Journal Socket (/dev/log).
[[0;32m  OK  [0m] Listening on Journal Socket (/dev/log).
[   93.577249] systemd[1]: Set up automount Arbitrary Executable File Formats File System Automount Point.
[[0;32m  OK  [0m] Set up automount Arbitrary Executab...ats File System Automount Point.
[   94.053455] systemd[1]: Mounting Huge Pages File System...
         Mounting Huge Pages File System...
[   94.328393] systemd[1]: Starting Uncomplicated firewall...
         Starting Uncomplicated firewall...
[   94.661222] systemd[1]: Listening on LVM2 metadata daemon socket.
[[0;32m  OK  [0m] Listening on LVM2 metadata daemon socket.
[   94.971473] systemd[1]: Starting Monitoring of LVM2 mirrors, snapshots etc. using dmeventd or progress polling...
         Starting Monitoring of LVM2 mirrors... dmeventd or progress polling...
[   95.297035] systemd[1]: Started Forward Password Requests to Wall Directory Watch.
[[0;32m  OK  [0m] Started Forward Password Requests to Wall Directory Watch.
[   95.641264] systemd[1]: Listening on udev Control Socket.
[[0;32m  OK  [0m] Listening on udev Control Socket.
[   95.835466] systemd[1]: Starting Journal Service...
         Starting Journal Service...
[   96.078926] systemd[1]: Starting Set console keymap...
         Starting Set console keymap...
[   96.359896] systemd[1]: Starting Load Kernel Modules...
         Starting Load Kernel Modules...
[   96.529162] systemd[1]: Mounted POSIX Message Queue File System.
[   96.752928] Loading iSCSI transport class v2.0-870.
[[0;32m  OK  [0m] Mounted POSIX Message Queue File System.
[   97.026043] systemd[1]: Mounted Debug File System.
[[0;32m  OK  [0m] Mounted Debug File System.
[   97.244017] iscsi: registered transport (tcp)
[   97.422803] systemd[1]: Mounted Huge Pages File System.
[[0;32m  OK  [0m] Mounted Huge Pages File System.
[   97.657930] systemd[1]: Started Journal Service.
[[0;32m  OK  [0m] Started Journal Service.
[[0;32m  OK  [0[   97.897440] iscsi: registered transport (iser)
m] Started Remount Root and Kernel File Systems.
[[0;32m  OK  [0m] Started Create list of required sta...ce nodes for the current kernel.
[[0;32m  OK  [0m] Started Uncomplicated firewall.
[[0;32m  OK  [0m] Started Set console keymap.
[[0;32m  OK  [0m] Started Load Kernel Modules.
[[0;32m  OK  [0m] Started Nameserver information manager.
[[0;32m  OK  [0m] Started LVM2 metadata daemon.
         Mounting FUSE Control File System...
         Starting Apply Kernel Variables...
         Starting Create Static Device Nodes in /dev...
         Starting Load/Save Random Seed...
         Starting udev Coldplug all Devices...
         Starting Flush Journal to Persistent Storage...
[[0;32m  OK  [0m] Mounted FUSE Control File System.
[[0;32m  OK  [0m] Started Apply Kernel Variables.
[[0;32m  OK  [0m] Started Create Static Device Nodes in /dev.
[[0;32m  OK  [0m] Started Monitoring of LVM2 mirrors,...ng dmeventd or progress polling.
[[0;32m  OK  [0m] Started Load/Save Random Seed.
[[0;32m  OK  [0m] Started udev Coldplug all Devices.
         Starting udev Kernel Device Manager...
[[0;32m  OK  [0m] Started Flush Journal to Persistent Storage.
[[0;32m  OK  [0m] Started udev Kernel Device Manager.
[[0;32m  OK  [0m] Started Dispatch Password Requests to Console Directory Watch.
[[0;32m  OK  [0m] Reached target Local File Systems (Pre).
[[0;32m  OK  [0m] Reached target Local File Systems.
         Starting Tell Plymouth To Write Out Runtime Data...
         Starting Commit a transient machine-id on disk...
         Starting LSB: AppArmor initialization...
         Starting Initial cloud-init job (pre-networking)...
         Starting Set console font and keymap...
         Starting Create Volatile Files and Directories...
[[0;32m  OK  [0m] Started Tell Plymouth To Write Out Runtime Data.
[[0;32m  OK  [0m] Started Commit a transient machine-id on disk.
[[0;32m  OK  [0m] Started Create Volatile Files and Directories.
         Starting Network Time Synchronization...
         Starting Update UTMP about System Boot/Shutdown...
[[0;32m  OK  [0m] Started Network Time Synchronization.
[[0;32m  OK  [0m] Started Update UTMP about System Boot/Shutdown.
[[0;32m  OK  [0m] Reached target System Time Synchronized.
[[0;32m  OK  [0m] Found device /dev/ttyS0.
[[0;32m  OK  [0m] Listening on Load/Save RF Kill Switch Status /dev/rfkill Watch.
[   60.517109] cloud-init[1036]: Cloud-init v. 0.7.7 running 'init-local' at Wed, 31 Aug 2016 06:52:06 +0000. Up 57.93 seconds.
[[0;32m  OK  [0m] Started LSB: AppArmor initialization.
[[0;32m  OK  [0m] Started Initial cloud-init job (pre-networking).
[[0;32m  OK  [0m] Reached target Network (Pre).
         Starting Raise network interfaces...
[[0;32m  OK  [0m] Reached target System Initialization.
         Starting LXD - unix socket.
[[0;32m  OK  [0m] Listening on D-Bus System Message Bus Socket.
[[0;32m  OK  [0m] Started ACPI Events Check.
[[0;32m  OK  [0m] Started Daily Cleanup of Temporary Directories.
         Starting Socket activation for snappy daemon.
[[0;32m  OK  [0m] Started Timer to automatically refresh installed snaps.
[[0;32m  OK  [0m] Started Trigger resolvconf update for networkd DNS.
[[0;32m  OK  [0m] Reached target Paths.
[[0;32m  OK  [0m] Listening on UUID daemon activation socket.
[[0;32m  OK  [0m] Listening on ACPID Listen Socket.
[[0;32m  OK  [0m] Started Daily apt activities.
[[0;32m  OK  [0m] Reached target Timers.
[[0;32m  OK  [0m] Started Set console font and keymap.
[[0;32m  OK  [0m] Listening on LXD - unix socket.
[[0;32m  OK  [0m] Listening on Socket activation for snappy daemon.
[[0;32m  OK  [0m] Reached target Sockets.
[[0;32m  OK  [0m] Reached target Basic System.
[[0;32m  OK  [0m] Started Regular background program processing daemon.
[[0;32m  OK  [0m] Started D-Bus System Message Bus.
[[0;32m  OK  [0m] Started FUSE filesystem for LXC.
         Starting LSB: Record successful boot for GRUB...
[[0;32m  OK  [0m] Started ACPI event daemon.
         Starting Accounts Service...
[[0;32m  OK  [0m] Started Snappy daemon.
         Starting System Logging Service...
         Starting Login Service...
         Starting LSB: MD monitoring daemon...
[[0;32m  OK  [0m] Started Deferred execution scheduler.
         Starting LXD - container startup/shutdown...
[[0;32m  OK  [0m] Created slice system-getty.slice.
[[0;32m  OK  [0m] Started System Logging Service.
[[0;32m  OK  [0m] Started Login Service.
         Starting Authenticate and Authorize Users to Run Privileged Tasks...
[[0;32m  OK  [0m] Started LSB: Record successful boot for GRUB.
[[0;32m  OK  [0m] Started LSB: MD monitoring daemon.
[[0;32m  OK  [0m] Started Authenticate and Authorize Users to Run Privileged Tasks.
[[0;32m  OK  [0m] Started Accounts Service.
[[0;32m  OK  [0m] Started Raise network interfaces.
[[0;32m  OK  [0m] Reached target Network.
         Starting Initial cloud-init job (metadata service crawler)...
[[0;32m  OK  [0m] Started LXD - container startup/shutdown.
[   67.915079] cloud-init[2091]: Cloud-init v. 0.7.7 running 'init' at Wed, 31 Aug 2016 06:52:14 +0000. Up 65.70 seconds.
[   68.064942] cloud-init[2091]: ci-info: ++++++++++++++++++++++++++++++++++++++Net device info++++++++++++++++++++++++++++++++++++++
[[0;32m  OK  [0m] Started Initial cloud-init job (metadata service crawler).
[[0;32m  OK  [0m] Reached target Cloud-config availability.
[   68.169809] [[0;32m  OK  [0m] Reached target Network is Online.
         Starting /etc/rc.local Compatibility...
cloud-init[2091]: ci-info: +--------+-------+----------------------------+---------------+-------+-------------------+
[   68.474528] cloud-init[2091]: ci-info: | Device |   Up  |          Address           |      Mask     | Scope |     Hw-Address    |
[   68.580863] cloud-init[2091]: ci-info: +--------+-------+----------------------------+---------------+-------+-------------------+
[   68.581693] cloud-init[2091]: ci-info: | enp0s8 | False |             .              |       .       |   .   | 08:00:27:c3:1e:24 |
         Starting iSCSI initiator daemon (iscsid)...
[   68.582079] cloud-init[2091]: ci-info: |   lo   |  True |         127.0.0.1          |   255.0.0.0   |   .   |         .         |
         Starting Seed the pseudo random number generator on first boot...
         [   68.964577] cloud-init[2091]: ci-info: |   lo   |  True |          ::1/128           |       .       |  host |         .         |
[   69.032747] cloud-init[2091]: ci-info: | enp0s3 |  True |         10.0.2.15          | 255.255.255.0 |   .   | 02:ac:55:03:5b:cb |
[   69.032909] cloud-init[2091]: ci-info: | enp0s3 |  True | fe80::ac:55ff:fe03:5bcb/64 |       .       |  link | 02:ac:55:03:5b:cb |
[   69.033057] cloud-init[2091]: ci-info: +--------+-------+----------------------------+---------------+-------+-------------------+
[   69.033229] cloud-init[2091]: ci-info: +++++++++++++++++++++++++++Route IPv4 info++++++++++++++++++++++++++++
[   69.033444] cloud-init[2091]: ci-info: +-------+-------------+----------+---------------+-----------+-------+
[   69.033576] cloud-init[2091]: ci-info: | Route | Destination | Gateway  |    Genmask    | Interface | Flags |
[   69.033688] cloud-init[2091]: ci-info: +-------+-------------+----------+---------------+-----------+-------+
[   69.033813] cloud-init[2091]: ci-info: |   0   |   0.0.0.0   | 10.0.2.2 |    0.0.0.0    |   enp0s3  |   UG  |
[   69.033924] cloud-init[2091]: ci-info: |   1   |   10.0.2.0  | 0.0.0.0  | 255.255.255.0 |   enp0s3  |   U   |
[   69.034047] cloud-init[2091]: ci-info: +-------+-------------+----------+---------------+-----------+-------+
[   69.034742] cloud-init[2091]: Generating public/private rsa key pair.
[   69.034880] cloud-init[2091]: Your identification has been saved in /etc/ssh/ssh_host_rsa_key.
[   69.035003] cloud-init[2091]: Your public key has been saved in /etc/ssh/ssh_host_rsa_key.pub.
[   69.035127] cloud-init[2091]: The key fingerprint is:
[   69.035252] cloud-init[2091]: SHA256:iiRHr/E1gh5YKyxJn/v/0RsuShGBvK8WPDyrxSZbkTQ root@ubuntu-xenial
[   69.035378] cloud-init[2091]: The key's randomart image is:
[   69.035510] cloud-init[2091]: +---[RSA 2048]----+
[   69.035639] cloud-init[2091]: |    . ..         |
[   69.035758] cloud-init[2091]: |     o  .        |
[   69.035887] cloud-init[2091]: | .  oE..         |
[   69.036009] cloud-init[2091]: |.o.+o=o .        |
[   69.036136] cloud-init[2091]: |o =oXo+.S        |
[   69.036266] cloud-init[2091]: | . *o%.=...      |
[   69.036393] cloud-init[2091]: |   o+=O. . o     |
Starting Apply the settings specified in cloud-config...
[   69.052473] cloud-init[2091]: |    B+.  .o o    |
[[0;32m  OK  [0m] Started /etc/rc.local Compatibility.
[   70.886203] cloud-init[2091]: |   oo..oo..o     |
[   70.996641] cloud-init[2091]: +----[SHA256]-----+
[[   71.040555] cloud-init[2091]: Generating public/private dsa key pair.
[   71.040985] cloud-init[2091]: Your identification has been saved in /etc/ssh/ssh_host_dsa_key.
[   71.041105] cloud-init[2091]: Your public key has been saved in /etc/ssh/ssh_host_dsa_key.pub.
[   71.041203] cloud-init[2091]: The key fingerprint is:
[   71.041324] cloud-init[2091]: SHA256:tR5OUoUTkTNLNo4g82lTrObW3jvWCYsq279oKgsMM60 root@ubuntu-xenial
[   71.041481] cloud-init[2091]: The key's randomart image is:
[   71.041599] cloud-init[2091]: +---[DSA 1024]----+
[   71.041707] cloud-init[2091]: |       .  o=.    |
[   71.041842] cloud-init[2091]: |    o . o X.     |
[   71.041959] cloud-init[2091]: |     + = =o*     |
[   71.042077] cloud-init[2091]: | .    B .oo.     |
[   71.042197] cloud-init[2091]: |+ .  + oS +      |
[   71.042327] cloud-init[2091]: |o+    o .=..     |
[   71.042466] cloud-init[2091]: |E.   . . oo+ .   |
[   71.042633] cloud-init[2091]: | .. ....o = o    |
[   71.042766] cloud-init[2091]: |  .oo=+ooo.o     |
[   71.042932] cloud-init[2091]: +----[SHA256]-----+
[   71.043073] cloud-init[2091]: Generating public/private ecdsa key pair.
[   71.043251] cloud-init[2091]: Your identification has been saved in /etc/ssh/ssh_host_ecdsa_key.
[   71.043376] cloud-init[2091]: Your public key has been saved in /etc/ssh/ssh_host_ecdsa_key.pub.
[   71.043519] cloud-init[2091]: The key fingerprint is:
[   71.043639] cloud-init[2091]: SHA256:nThpz22LGLkkjeOKygGVpFXUw8dbMYxfJwFGVqfMx/o root@ubuntu-xenial
[   71.043801] cloud-init[2091]: The key's randomart image is:
[   71.043918] cloud-init[2091]: +---[ECDSA 256]---+
[   71.044048] cloud-init[2091]: |  oooo . +B+o..  |
[0;32m  OK  [0m] Started iSCSI initiator daemon (iscsid).
[[0;32m  OK  [0m] Started Seed the pseudo random number generator on first boot.
[   71.050570] cloud-init[2091]: | + .  + +oo+o+.  |
         Starting OpenBSD Secure Shell server...
         Starting Login to default iSCSI targets...
[   72.457434] cloud-init[2091]: |. o    o + .+oo  |
[   72.620697] cloud-init[2091]: | .      .+.. o   |
[[0;32m  OK  [0m] Started OpenBSD Secure Shell server.
[[0;32m  OK  [0m] Started Login to default iSCSI targets.
[   72.672898] cloud-init[2091]: |.       S o .    |
[[   72.832385] cloud-init[2091]: |.      + = . .   |
[   72.832737] cloud-init[2091]: | .    + = o o E  |
[   72.832834] cloud-init[2091]: |. .. . + + o .   |
[   72.832939] cloud-init[2091]: |.o. ... o . .    |
[   72.833053] cloud-init[2091]: +----[SHA256]-----+
[   72.833154] cloud-init[2091]: Generating public/private ed25519 key pair.
[   72.833250] cloud-init[2091]: Your identification has been saved in /etc/ssh/ssh_host_ed25519_key.
[   72.833350] cloud-init[2091]: Your public key has been saved in /etc/ssh/ssh_host_ed25519_key.pub.
[   72.833464] cloud-init[2091]: The key fingerprint is:
[   72.833582] cloud-init[2091]: SHA256:0ryOGmTT6KkqVEI9Rg3Ztqk/QPyxGMBHI8lOCdkJQRs root@ubuntu-xenial
[   72.833680] cloud-init[2091]: The key's randomart image is:
[   72.833783] cloud-init[2091]: +--[ED25519 256]--+
[   72.833906] cloud-init[2091]: |OE**=            |
[   72.834012] cloud-init[2091]: |.O**.+           |
[   72.834109] cloud-init[2091]: |+.= o o          |
[   72.834217] cloud-init[2091]: | o = * o         |
[   72.834316] cloud-init[2091]: |  + X = S        |
[   72.834416] cloud-init[2091]: | . B = . .       |
[   72.834506] cloud-init[2091]: |.   *   .        |
[   72.834614] cloud-init[2091]: |.  . + o         |
[   72.835415] cloud-init[2091]: |o.. ..o .        |
[   72.835527] cloud-init[2091]: +----[SHA256]-----+
[0;32m  OK  [0m] Reached target Remote File Systems (Pre).
[[0;32m  OK  [0m] Reached target Remote File Systems.
         Starting LSB: Set the CPU Frequency Scaling governor to "ondemand"...
         Starting LSB: daemon to balance interrupts for SMP systems...
         Starting LSB: automatic crash report generation...
         [   72.849151] cloud-init[2204]: Generating locales (this might take a while)...
[   74.282069] cloud-init[2204]:   en_US.UTF-8... done
[   74.282440] cloud-init[2204]: Generation complete.
Starting Permit User Sessions...
[[0;32m  OK  [0m] Started Permit User Sessions.
[[0;32m  OK  [0m] Started LSB: Set the CPU Frequency Scaling governor to "ondemand".
         Stopping OpenBSD Secure Shell server...
         Starting Terminate Plymouth Boot Screen...
         Starting Hold until boot process finishes up...
[[0;32m  OK  [0m] Stopped OpenBSD Secure Shell server.
[[0;32m  OK  [0m] Started LSB: daemon to balance interrupts for SMP systems.
[[0;32m  OK  [0m] Started LSB: automatic crash report generation.
[[0;32m  OK  [0m] Started Terminate Plymouth Boot Screen.
[[0;32m  OK  [0m] Started Hold until boot process finishes up.
[[0;32m  OK  [0m] Started Getty on tty1.
[[0;32m  OK  [0m] Started Serial Getty on ttyS0.
[[0;32m  OK  [0m] Reached target Login Prompts.
         Starting Set console scheme...
         Starting OpenBSD Secure Shell server...
[[0;32m  OK  [0m] Started Set console scheme.
[[0;32m  OK  [0m] Started OpenBSD Secure Shell server.
[[0;32m  OK  [0m] Created slice User Slice of ubuntu.
         Starting User Manager for UID 1000...
[[0;32m  OK  [0m] Started Session 1 of user ubuntu.
[[0;32m  OK  [0m] Started User Manager for UID 1000.
[   77.018521] cloud-init[2204]: Cloud-init v. 0.7.7 running 'modules:config' at Wed, 31 Aug 2016 06:52:18 +0000. Up 70.47 seconds.
[[0;32m  OK  [0m] Started Apply the settings specified in cloud-config.
         Starting Execute cloud user/final scripts...
ci-info: no authorized ssh keys fingerprints found for user ubuntu.
<14>Aug 31 06:52:28 ec2: 
<14>Aug 31 06:52:28 ec2: #############################################################
<14>Aug 31 06:52:28 ec2: -----BEGIN SSH HOST KEY FINGERPRINTS-----
<14>Aug 31 06:52:28 ec2: 1024 SHA256:tR5OUoUTkTNLNo4g82lTrObW3jvWCYsq279oKgsMM60 root@ubuntu-xenial (DSA)
<14>Aug 31 06:52:28 ec2: 256 SHA256:nThpz22LGLkkjeOKygGVpFXUw8dbMYxfJwFGVqfMx/o root@ubuntu-xenial (ECDSA)
<14>Aug 31 06:52:28 ec2: 256 SHA256:0ryOGmTT6KkqVEI9Rg3Ztqk/QPyxGMBHI8lOCdkJQRs root@ubuntu-xenial (ED25519)
<14>Aug 31 06:52:28 ec2: 2048 SHA256:iiRHr/E1gh5YKyxJn/v/0RsuShGBvK8WPDyrxSZbkTQ root@ubuntu-xenial (RSA)
<14>Aug 31 06:52:28 ec2: -----END SSH HOST KEY FINGERPRINTS-----
<14>Aug 31 06:52:28 ec2: #############################################################
-----BEGIN SSH HOST KEY KEYS-----
ecdsa-sha2-nistp256 AAAAE2VjZHNhLXNoYTItbmlzdHAyNTYAAAAIbmlzdHAyNTYAAABBBB4Em3EQETSHD1q6ntKvYv3c1sekapZ7iLA8QRpaeHA6L198jLh3Shs8xWxd/zW8kkqag1/aSVDYrA56gu15Xko= root@ubuntu-xenial
ssh-ed25519 AAAAC3NzaC1lZDI1NTE5AAAAIAwQZpVOZsHa8g+Hebq7gJ05BHCAh84OIlgaAHmukIkN root@ubuntu-xenial
ssh-rsa AAAAB3NzaC1yc2EAAAADAQABAAABAQCrc6+QGafacrx0lYQAGNo/kYhFiGesQppd34C6+xQqh2uPMDtyeoVp/5fKafg6f23PryazTweUkJNYufhmhRZgV4dLN26xLQ2rbAQHdPZ9+r+niaYM/KlXqno4suoZCyoCvB3G16NJqBoUBIC5CJOZGH7oInfSoSG0xzj3ZBY9LAGKuWJ+tQTHqnvCwoGqJzIylI3//DnEsKmkpZRS4Q/hhIlikWqxhZHBtUEn+qNDqGNB9SVqfWxlicpisHFshgBlJ6e3luVS/SDmOwJSlWattzym7qtzbWGtHp3GBOazq1sDGp5xZvm0WG6ux+ZHXFwf3J1xr+IQ8NMJ9h/tehRP root@ubuntu-xenial
-----END SSH HOST KEY KEYS-----
[   80.868838] cloud-init[2429]: Cloud-init v. 0.7.7 running 'modules:final' at Wed, 31 Aug 2016 06:52:27 +0000. Up 79.40 seconds.
[   80.869245] cloud-init[2429]: ci-info: no authorized ssh keys fingerprints found for user ubuntu.
[   80.871067] cloud-init[2429]: Cloud-init v. 0.7.7 finished at Wed, 31 Aug 2016 06:52:29 +0000. Datasource DataSourceNoCloud [seed=/dev/sdb][dsmode=net].  Up 80.78 seconds

Ubuntu 16.04.1 LTS ubuntu-xenial ttyS0

ubuntu-xenial login: 